Flow report for VGA
Mon Jun 18 19:13:16 2018
Quartus II Version 9.1 Build 222 10/21/2009 SJ Full Version


---------------------
; Table of Contents ;
---------------------
  1. Legal Notice
  2. Flow Summary
  3. Flow Settings
  4. Flow Non-Default Global Settings
  5. Flow Elapsed Time
  6. Flow OS Summary
  7. Flow Log



----------------
; Legal Notice ;
----------------
Copyright (C) 1991-2009 Altera Corporation
Your use of Altera Corporation's design tools, logic functions 
and other software and tools, and its AMPP partner logic 
functions, and any output files from any of the foregoing 
(including device programming or simulation files), and any 
associated documentation or information are expressly subject 
to the terms and conditions of the Altera Program License 
Subscription Agreement, Altera MegaCore Function License 
Agreement, or other applicable license agreement, including, 
without limitation, that your use is for the sole purpose of 
programming logic devices manufactured by Altera and sold by 
Altera or its authorized distributors.  Please refer to the 
applicable agreement for further details.



+-------------------------------------------------------------------------------+
; Flow Summary                                                                  ;
+------------------------------------+------------------------------------------+
; Flow Status                        ; Successful - Mon Jun 18 19:13:16 2018    ;
; Quartus II Version                 ; 9.1 Build 222 10/21/2009 SJ Full Version ;
; Revision Name                      ; VGA                                      ;
; Top-level Entity Name              ; gold                                     ;
; Family                             ; Cyclone III                              ;
; Device                             ; EP3C10E144C8                             ;
; Timing Models                      ; Final                                    ;
; Met timing requirements            ; N/A                                      ;
; Total logic elements               ; 1,365 / 10,320 ( 13 % )                  ;
;     Total combinational functions  ; 1,356 / 10,320 ( 13 % )                  ;
;     Dedicated logic registers      ; 348 / 10,320 ( 3 % )                     ;
; Total registers                    ; 348                                      ;
; Total pins                         ; 9 / 95 ( 9 % )                           ;
; Total virtual pins                 ; 0                                        ;
; Total memory bits                  ; 338,760 / 423,936 ( 80 % )               ;
; Embedded Multiplier 9-bit elements ; 0 / 46 ( 0 % )                           ;
; Total PLLs                         ; 1 / 2 ( 50 % )                           ;
+------------------------------------+------------------------------------------+


+-----------------------------------------+
; Flow Settings                           ;
+-------------------+---------------------+
; Option            ; Setting             ;
+-------------------+---------------------+
; Start date & time ; 06/18/2018 19:12:52 ;
; Main task         ; Compilation         ;
; Revision Name     ; VGA                 ;
+-------------------+---------------------+


+------------------------------------------------------------------------------------------------------------------+
; Flow Non-Default Global Settings                                                                                 ;
+------------------------------------+------------------------------+---------------+-------------+----------------+
; Assignment Name                    ; Value                        ; Default Value ; Entity Name ; Section Id     ;
+------------------------------------+------------------------------+---------------+-------------+----------------+
; COMPILER_SIGNATURE_ID              ; 345052807169.152932037225220 ; --            ; --          ; --             ;
; EDA_OUTPUT_DATA_FORMAT             ; Verilog Hdl                  ; --            ; --          ; eda_simulation ;
; EDA_SIMULATION_TOOL                ; ModelSim-Altera (Verilog)    ; <None>        ; --          ; --             ;
; EDA_TIME_SCALE                     ; 1 ns                         ; --            ; --          ; eda_simulation ;
; IP_TOOL_NAME                       ; ALTPLL                       ; --            ; --          ; --             ;
; IP_TOOL_NAME                       ; ROM: 1-PORT                  ; --            ; --          ; --             ;
; IP_TOOL_NAME                       ; ROM: 1-PORT                  ; --            ; --          ; --             ;
; IP_TOOL_NAME                       ; ROM: 1-PORT                  ; --            ; --          ; --             ;
; IP_TOOL_NAME                       ; ROM: 1-PORT                  ; --            ; --          ; --             ;
; IP_TOOL_NAME                       ; ROM: 1-PORT                  ; --            ; --          ; --             ;
; IP_TOOL_VERSION                    ; 9.1                          ; --            ; --          ; --             ;
; IP_TOOL_VERSION                    ; 9.1                          ; --            ; --          ; --             ;
; IP_TOOL_VERSION                    ; 9.1                          ; --            ; --          ; --             ;
; IP_TOOL_VERSION                    ; 9.1                          ; --            ; --          ; --             ;
; IP_TOOL_VERSION                    ; 9.1                          ; --            ; --          ; --             ;
; IP_TOOL_VERSION                    ; 9.1                          ; --            ; --          ; --             ;
; MAX_CORE_JUNCTION_TEMP             ; 85                           ; --            ; --          ; --             ;
; MIN_CORE_JUNCTION_TEMP             ; 0                            ; --            ; --          ; --             ;
; MISC_FILE                          ; pll.bsf                      ; --            ; --          ; --             ;
; MISC_FILE                          ; pll_bb.v                     ; --            ; --          ; --             ;
; MISC_FILE                          ; pll.ppf                      ; --            ; --          ; --             ;
; MISC_FILE                          ; ROM_B.bsf                    ; --            ; --          ; --             ;
; MISC_FILE                          ; ROM_B_bb.v                   ; --            ; --          ; --             ;
; MISC_FILE                          ; ROM_BEGIN.bsf                ; --            ; --          ; --             ;
; MISC_FILE                          ; ROM_BEGIN_bb.v               ; --            ; --          ; --             ;
; MISC_FILE                          ; GG.bsf                       ; --            ; --          ; --             ;
; MISC_FILE                          ; GG_bb.v                      ; --            ; --          ; --             ;
; MISC_FILE                          ; SCORE.bsf                    ; --            ; --          ; --             ;
; MISC_FILE                          ; SCORE_bb.v                   ; --            ; --          ; --             ;
; MISC_FILE                          ; WIN.bsf                      ; --            ; --          ; --             ;
; MISC_FILE                          ; WIN_bb.v                     ; --            ; --          ; --             ;
; NOMINAL_CORE_SUPPLY_VOLTAGE        ; 1.2V                         ; --            ; --          ; --             ;
; PARTITION_COLOR                    ; 16764057                     ; --            ; gold        ; Top            ;
; PARTITION_NETLIST_TYPE             ; SOURCE                       ; --            ; gold        ; Top            ;
; TOP_LEVEL_ENTITY                   ; gold                         ; VGA           ; --          ; --             ;
; USE_GENERATED_PHYSICAL_CONSTRAINTS ; Off                          ; --            ; --          ; eda_blast_fpga ;
+------------------------------------+------------------------------+---------------+-------------+----------------+


+-------------------------------------------------------------------------------------------------------------------------------+
; Flow Elapsed Time                                                                                                             ;
+---------------------------+--------------+-------------------------+---------------------+------------------------------------+
; Module Name               ; Elapsed Time ; Average Processors Used ; Peak Virtual Memory ; Total CPU Time (on all processors) ;
+---------------------------+--------------+-------------------------+---------------------+------------------------------------+
; Analysis & Synthesis      ; 00:00:07     ; 1.0                     ; 266 MB              ; 00:00:07                           ;
; Fitter                    ; 00:00:06     ; 1.2                     ; 350 MB              ; 00:00:07                           ;
; TimeQuest Timing Analyzer ; 00:00:04     ; 1.0                     ; 275 MB              ; 00:00:04                           ;
; Assembler                 ; 00:00:02     ; 1.0                     ; 238 MB              ; 00:00:01                           ;
; EDA Netlist Writer        ; 00:00:02     ; 1.0                     ; 227 MB              ; 00:00:03                           ;
; Total                     ; 00:00:19     ; --                      ; --                  ; 00:00:21                           ;
+---------------------------+--------------+-------------------------+---------------------+------------------------------------+


+--------------------------------------------------------------------------------------------+
; Flow OS Summary                                                                            ;
+---------------------------+------------------+---------------+------------+----------------+
; Module Name               ; Machine Hostname ; OS Name       ; OS Version ; Processor type ;
+---------------------------+------------------+---------------+------------+----------------+
; Analysis & Synthesis      ; 췔컴           ; Windows Vista ; 6.2        ; x86_64         ;
; Fitter                    ; 췔컴           ; Windows Vista ; 6.2        ; x86_64         ;
; Assembler                 ; 췔컴           ; Windows Vista ; 6.2        ; x86_64         ;
; TimeQuest Timing Analyzer ; 췔컴           ; Windows Vista ; 6.2        ; x86_64         ;
; EDA Netlist Writer        ; 췔컴           ; Windows Vista ; 6.2        ; x86_64         ;
+---------------------------+------------------+---------------+------------+----------------+


------------
; Flow Log ;
------------
quartus_map --read_settings_files=on --write_settings_files=off VGA -c VGA
quartus_fit --read_settings_files=off --write_settings_files=off VGA -c VGA
quartus_asm --read_settings_files=off --write_settings_files=off VGA -c VGA
quartus_sta VGA -c VGA
quartus_eda --read_settings_files=off --write_settings_files=off VGA -c VGA



